<?xml version="1.0" encoding="UTF-8"?>
<testng-results ignored="0" total="16" passed="14" failed="1" skipped="1">
  <reporter-output>
    <line>
      <![CDATA[Screenshot Evidence]]>
    </line>
    <line>
      <![CDATA[<br>]]>
    </line>
    <line>
      <![CDATA[<a href=Thu_Jul_04_00_02_01_BST_2024.jpg  target="_blank" >Screenshot</a>]]>
    </line>
    <line>
      <![CDATA[Screenshot Evidence]]>
    </line>
    <line>
      <![CDATA[<br>]]>
    </line>
    <line>
      <![CDATA[<a href=Thu_Jul_04_00_02_02_BST_2024.jpg  target="_blank" >Screenshot</a>]]>
    </line>
    <line>
      <![CDATA[Screenshot Evidence]]>
    </line>
    <line>
      <![CDATA[<br>]]>
    </line>
    <line>
      <![CDATA[<a href=Thu_Jul_04_00_02_03_BST_2024.jpg  target="_blank" >Screenshot</a>]]>
    </line>
    <line>
      <![CDATA[Screenshot Evidence]]>
    </line>
    <line>
      <![CDATA[<br>]]>
    </line>
    <line>
      <![CDATA[<a href=Thu_Jul_04_00_02_03_BST_2024.jpg  target="_blank" >Screenshot</a>]]>
    </line>
    <line>
      <![CDATA[Screenshot Evidence]]>
    </line>
    <line>
      <![CDATA[<br>]]>
    </line>
    <line>
      <![CDATA[<a href=Thu_Jul_04_00_02_04_BST_2024.jpg  target="_blank" >Screenshot</a>]]>
    </line>
    <line>
      <![CDATA[Screenshot Evidence]]>
    </line>
    <line>
      <![CDATA[<br>]]>
    </line>
    <line>
      <![CDATA[<a href=Thu_Jul_04_00_02_05_BST_2024.jpg  target="_blank" >Screenshot</a>]]>
    </line>
    <line>
      <![CDATA[Screenshot Evidence]]>
    </line>
    <line>
      <![CDATA[<br>]]>
    </line>
    <line>
      <![CDATA[<a href=Thu_Jul_04_00_02_06_BST_2024.jpg  target="_blank" >Screenshot</a>]]>
    </line>
    <line>
      <![CDATA[Screenshot Evidence]]>
    </line>
    <line>
      <![CDATA[<br>]]>
    </line>
    <line>
      <![CDATA[<a href=Thu_Jul_04_00_02_06_BST_2024.jpg  target="_blank" >Screenshot</a>]]>
    </line>
    <line>
      <![CDATA[Screenshot Evidence]]>
    </line>
    <line>
      <![CDATA[<br>]]>
    </line>
    <line>
      <![CDATA[<a href=Thu_Jul_04_00_02_10_BST_2024.jpg  target="_blank" >Screenshot</a>]]>
    </line>
    <line>
      <![CDATA[Screenshot Evidence]]>
    </line>
    <line>
      <![CDATA[<br>]]>
    </line>
    <line>
      <![CDATA[<a href=Thu_Jul_04_00_02_13_BST_2024.jpg  target="_blank" >Screenshot</a>]]>
    </line>
    <line>
      <![CDATA[Screenshot Evidence]]>
    </line>
    <line>
      <![CDATA[<br>]]>
    </line>
    <line>
      <![CDATA[<a href=Thu_Jul_04_00_02_14_BST_2024.jpg  target="_blank" >Screenshot</a>]]>
    </line>
    <line>
      <![CDATA[Screenshot Evidence]]>
    </line>
    <line>
      <![CDATA[<br>]]>
    </line>
    <line>
      <![CDATA[<a href=Thu_Jul_04_00_02_15_BST_2024.jpg  target="_blank" >Screenshot</a>]]>
    </line>
    <line>
      <![CDATA[Screenshot Evidence]]>
    </line>
    <line>
      <![CDATA[<br>]]>
    </line>
    <line>
      <![CDATA[<a href=Thu_Jul_04_00_02_27_BST_2024.jpg  target="_blank" >Screenshot</a>]]>
    </line>
    <line>
      <![CDATA[Screenshot Evidence]]>
    </line>
    <line>
      <![CDATA[<br>]]>
    </line>
    <line>
      <![CDATA[<a href=Thu_Jul_04_00_02_30_BST_2024.jpg  target="_blank" >Screenshot</a>]]>
    </line>
  </reporter-output>
  <suite started-at="2024-07-04T00:02:00 BST" name="XYZ Bank Portal Test Suite" finished-at="2024-07-04T00:02:30 BST" duration-ms="30365">
    <groups>
    </groups>
    <test started-at="2024-07-04T00:02:00 BST" name="Bank Manager Login Test" finished-at="2024-07-04T00:02:01 BST" duration-ms="1280">
      <class name="testcases.BankManagerLoginTest">
        <test-method signature="loginAsBankManager()[pri:0, instance:testcases.BankManagerLoginTest@578524c3]" started-at="2024-07-04T00:02:00 BST" name="loginAsBankManager" finished-at="2024-07-04T00:02:01 BST" duration-ms="1075" status="PASS">
          <reporter-output>
            <line>
              <![CDATA[Screenshot Evidence]]>
            </line>
            <line>
              <![CDATA[<br>]]>
            </line>
            <line>
              <![CDATA[<a href=Thu_Jul_04_00_02_01_BST_2024.jpg  target="_blank" >Screenshot</a>]]>
            </line>
          </reporter-output>
        </test-method> <!-- loginAsBankManager -->
      </class> <!-- testcases.BankManagerLoginTest -->
    </test> <!-- Bank Manager Login Test -->
    <test started-at="2024-07-04T00:02:01 BST" name="Add New Customer Test" finished-at="2024-07-04T00:02:03 BST" duration-ms="1970">
      <class name="testcases.addNewCustomerTest">
        <test-method signature="AddNewCustomerTest(java.util.Hashtable)[pri:0, instance:testcases.addNewCustomerTest@245a26e1]" started-at="2024-07-04T00:02:01 BST" name="AddNewCustomerTest" data-provider="dp" finished-at="2024-07-04T00:02:02 BST" duration-ms="855" status="PASS">
          <params>
            <param index="0">
              <value>
                <![CDATA[{alerttext=Customer added successfully, postcode=abcd334, Runmode=Y, lastname=Chakraborty, firstname=Kuntal}]]>
              </value>
            </param>
          </params>
          <reporter-output>
            <line>
              <![CDATA[Screenshot Evidence]]>
            </line>
            <line>
              <![CDATA[<br>]]>
            </line>
            <line>
              <![CDATA[<a href=Thu_Jul_04_00_02_02_BST_2024.jpg  target="_blank" >Screenshot</a>]]>
            </line>
          </reporter-output>
        </test-method> <!-- AddNewCustomerTest -->
        <test-method signature="AddNewCustomerTest(java.util.Hashtable)[pri:0, instance:testcases.addNewCustomerTest@245a26e1]" started-at="2024-07-04T00:02:02 BST" name="AddNewCustomerTest" data-provider="dp" finished-at="2024-07-04T00:02:03 BST" duration-ms="279" status="PASS">
          <params>
            <param index="0">
              <value>
                <![CDATA[{alerttext=Customer added successfully, postcode=ABCDHS78, Runmode=Y, lastname=Roy, firstname=Rahul}]]>
              </value>
            </param>
          </params>
          <reporter-output>
            <line>
              <![CDATA[Screenshot Evidence]]>
            </line>
            <line>
              <![CDATA[<br>]]>
            </line>
            <line>
              <![CDATA[<a href=Thu_Jul_04_00_02_03_BST_2024.jpg  target="_blank" >Screenshot</a>]]>
            </line>
          </reporter-output>
        </test-method> <!-- AddNewCustomerTest -->
        <test-method signature="AddNewCustomerTest(java.util.Hashtable)[pri:0, instance:testcases.addNewCustomerTest@245a26e1]" started-at="2024-07-04T00:02:03 BST" name="AddNewCustomerTest" data-provider="dp" finished-at="2024-07-04T00:02:03 BST" duration-ms="268" status="PASS">
          <params>
            <param index="0">
              <value>
                <![CDATA[{alerttext=Customer added successfully, postcode=bhsuj89, Runmode=Y, lastname=Agarwal, firstname=Rounak}]]>
              </value>
            </param>
          </params>
          <reporter-output>
            <line>
              <![CDATA[Screenshot Evidence]]>
            </line>
            <line>
              <![CDATA[<br>]]>
            </line>
            <line>
              <![CDATA[<a href=Thu_Jul_04_00_02_03_BST_2024.jpg  target="_blank" >Screenshot</a>]]>
            </line>
          </reporter-output>
        </test-method> <!-- AddNewCustomerTest -->
        <test-method signature="AddNewCustomerTest(java.util.Hashtable)[pri:0, instance:testcases.addNewCustomerTest@245a26e1]" started-at="2024-07-04T00:02:03 BST" name="AddNewCustomerTest" data-provider="dp" finished-at="2024-07-04T00:02:03 BST" duration-ms="1" status="SKIP">
          <params>
            <param index="0">
              <value>
                <![CDATA[{alerttext=Customer added successfully, postcode=AHBKS89, Runmode=N, lastname=Singh, firstname=Sapnish}]]>
              </value>
            </param>
          </params>
          <exception class="org.testng.SkipException">
            <message>
              <![CDATA[Skipping the test case as the Run mode for data set is NO]]>
            </message>
            <full-stacktrace>
              <![CDATA[org.testng.SkipException: Skipping the test case as the Run mode for data set is NO
at testcases.addNewCustomerTest.AddNewCustomerTest(addNewCustomerTest.java:28)
at java.base/jdk.internal.reflect.NativeMethodAccessorImpl.invoke0(Native Method)
at java.base/jdk.internal.reflect.NativeMethodAccessorImpl.invoke(NativeMethodAccessorImpl.java:77)
at java.base/jdk.internal.reflect.DelegatingMethodAccessorImpl.invoke(DelegatingMethodAccessorImpl.java:43)
at java.base/java.lang.reflect.Method.invoke(Method.java:568)
at org.testng.internal.invokers.MethodInvocationHelper.invokeMethod(MethodInvocationHelper.java:141)
at org.testng.internal.invokers.TestInvoker.invokeMethod(TestInvoker.java:686)
at org.testng.internal.invokers.TestInvoker.invokeTestMethod(TestInvoker.java:230)
at org.testng.internal.invokers.MethodRunner.runInSequence(MethodRunner.java:63)
at org.testng.internal.invokers.TestInvoker$MethodInvocationAgent.invoke(TestInvoker.java:992)
at org.testng.internal.invokers.TestInvoker.invokeTestMethods(TestInvoker.java:203)
at org.testng.internal.invokers.TestMethodWorker.invokeTestMethods(TestMethodWorker.java:154)
at org.testng.internal.invokers.TestMethodWorker.run(TestMethodWorker.java:134)
at java.base/java.util.ArrayList.forEach(ArrayList.java:1511)
at org.testng.TestRunner.privateRun(TestRunner.java:739)
at org.testng.TestRunner.run(TestRunner.java:614)
at org.testng.SuiteRunner.runTest(SuiteRunner.java:421)
at org.testng.SuiteRunner.runSequentially(SuiteRunner.java:413)
at org.testng.SuiteRunner.privateRun(SuiteRunner.java:373)
at org.testng.SuiteRunner.run(SuiteRunner.java:312)
at org.testng.SuiteRunnerWorker.runSuite(SuiteRunnerWorker.java:52)
at org.testng.SuiteRunnerWorker.run(SuiteRunnerWorker.java:95)
at org.testng.TestNG.runSuitesSequentially(TestNG.java:1274)
at org.testng.TestNG.runSuitesLocally(TestNG.java:1208)
at org.testng.TestNG.runSuites(TestNG.java:1112)
at org.testng.TestNG.run(TestNG.java:1079)
at org.apache.maven.surefire.testng.TestNGExecutor.run(TestNGExecutor.java:308)
at org.apache.maven.surefire.testng.TestNGXmlTestSuite.execute(TestNGXmlTestSuite.java:71)
at org.apache.maven.surefire.testng.TestNGProvider.invoke(TestNGProvider.java:113)
at org.apache.maven.surefire.booter.ForkedBooter.runSuitesInProcess(ForkedBooter.java:385)
at org.apache.maven.surefire.booter.ForkedBooter.execute(ForkedBooter.java:162)
at org.apache.maven.surefire.booter.ForkedBooter.run(ForkedBooter.java:507)
at org.apache.maven.surefire.booter.ForkedBooter.main(ForkedBooter.java:495)
]]>
            </full-stacktrace>
          </exception> <!-- org.testng.SkipException -->
          <reporter-output>
          </reporter-output>
        </test-method> <!-- AddNewCustomerTest -->
      </class> <!-- testcases.addNewCustomerTest -->
    </test> <!-- Add New Customer Test -->
    <test started-at="2024-07-04T00:02:03 BST" name="Open Account Test" finished-at="2024-07-04T00:02:04 BST" duration-ms="921">
      <class name="testcases.openAccountTest">
        <test-method signature="OpenAccountTest(java.util.Hashtable)[pri:0, instance:testcases.openAccountTest@2e185cd7]" started-at="2024-07-04T00:02:03 BST" name="OpenAccountTest" data-provider="dp" finished-at="2024-07-04T00:02:04 BST" duration-ms="751" status="PASS">
          <params>
            <param index="0">
              <value>
                <![CDATA[{lastname=Chakraborty, firstname=Kuntal}]]>
              </value>
            </param>
          </params>
          <reporter-output>
            <line>
              <![CDATA[Screenshot Evidence]]>
            </line>
            <line>
              <![CDATA[<br>]]>
            </line>
            <line>
              <![CDATA[<a href=Thu_Jul_04_00_02_04_BST_2024.jpg  target="_blank" >Screenshot</a>]]>
            </line>
          </reporter-output>
        </test-method> <!-- OpenAccountTest -->
      </class> <!-- testcases.openAccountTest -->
    </test> <!-- Open Account Test -->
    <test started-at="2024-07-04T00:02:04 BST" name="Validate Customer Entry Test" finished-at="2024-07-04T00:02:06 BST" duration-ms="1244">
      <class name="testcases.ValidateCustomerEntryTest">
        <test-method signature="customerEnteredExistanceTest(java.util.Hashtable)[pri:0, instance:testcases.ValidateCustomerEntryTest@60094a13]" started-at="2024-07-04T00:02:04 BST" name="customerEnteredExistanceTest" data-provider="dp" finished-at="2024-07-04T00:02:05 BST" duration-ms="811" status="PASS">
          <params>
            <param index="0">
              <value>
                <![CDATA[{postcode=abcd334, lastname=Chakraborty, firstname=Kuntal}]]>
              </value>
            </param>
          </params>
          <reporter-output>
            <line>
              <![CDATA[Screenshot Evidence]]>
            </line>
            <line>
              <![CDATA[<br>]]>
            </line>
            <line>
              <![CDATA[<a href=Thu_Jul_04_00_02_05_BST_2024.jpg  target="_blank" >Screenshot</a>]]>
            </line>
          </reporter-output>
        </test-method> <!-- customerEnteredExistanceTest -->
        <test-method signature="searchBoxWorkingTest(java.util.Hashtable)[pri:0, instance:testcases.ValidateCustomerEntryTest@60094a13]" started-at="2024-07-04T00:02:05 BST" name="searchBoxWorkingTest" data-provider="dp" finished-at="2024-07-04T00:02:05 BST" duration-ms="82" status="PASS">
          <params>
            <param index="0">
              <value>
                <![CDATA[{firstname=Kuntal}]]>
              </value>
            </param>
          </params>
          <reporter-output>
            <line>
              <![CDATA[Screenshot Evidence]]>
            </line>
            <line>
              <![CDATA[<br>]]>
            </line>
            <line>
              <![CDATA[<a href=Thu_Jul_04_00_02_06_BST_2024.jpg  target="_blank" >Screenshot</a>]]>
            </line>
          </reporter-output>
        </test-method> <!-- searchBoxWorkingTest -->
      </class> <!-- testcases.ValidateCustomerEntryTest -->
    </test> <!-- Validate Customer Entry Test -->
    <test started-at="2024-07-04T00:02:06 BST" name="Customer Login Test" finished-at="2024-07-04T00:02:13 BST" duration-ms="7162">
      <class name="testcases.customerLoginTest">
        <test-method signature="NavigateToHomeScreenTest()[pri:0, instance:testcases.customerLoginTest@62d363ab]" started-at="2024-07-04T00:02:06 BST" name="NavigateToHomeScreenTest" finished-at="2024-07-04T00:02:06 BST" duration-ms="61" status="PASS">
          <reporter-output>
            <line>
              <![CDATA[Screenshot Evidence]]>
            </line>
            <line>
              <![CDATA[<br>]]>
            </line>
            <line>
              <![CDATA[<a href=Thu_Jul_04_00_02_06_BST_2024.jpg  target="_blank" >Screenshot</a>]]>
            </line>
          </reporter-output>
        </test-method> <!-- NavigateToHomeScreenTest -->
        <test-method signature="custLoginTest(java.util.Hashtable)[pri:0, instance:testcases.customerLoginTest@62d363ab]" started-at="2024-07-04T00:02:06 BST" name="custLoginTest" data-provider="dp" finished-at="2024-07-04T00:02:09 BST" duration-ms="3676" status="PASS">
          <params>
            <param index="0">
              <value>
                <![CDATA[{lastname=Chakraborty, firstname=Kuntal}]]>
              </value>
            </param>
          </params>
          <reporter-output>
            <line>
              <![CDATA[Screenshot Evidence]]>
            </line>
            <line>
              <![CDATA[<br>]]>
            </line>
            <line>
              <![CDATA[<a href=Thu_Jul_04_00_02_10_BST_2024.jpg  target="_blank" >Screenshot</a>]]>
            </line>
          </reporter-output>
        </test-method> <!-- custLoginTest -->
        <test-method signature="successfulCustomerLoginTest(java.util.Hashtable)[pri:0, instance:testcases.customerLoginTest@62d363ab]" started-at="2024-07-04T00:02:10 BST" name="successfulCustomerLoginTest" data-provider="dp" finished-at="2024-07-04T00:02:13 BST" duration-ms="3033" status="PASS">
          <params>
            <param index="0">
              <value>
                <![CDATA[{lastname=Chakraborty, firstname=Kuntal}]]>
              </value>
            </param>
          </params>
          <reporter-output>
            <line>
              <![CDATA[Screenshot Evidence]]>
            </line>
            <line>
              <![CDATA[<br>]]>
            </line>
            <line>
              <![CDATA[<a href=Thu_Jul_04_00_02_13_BST_2024.jpg  target="_blank" >Screenshot</a>]]>
            </line>
          </reporter-output>
        </test-method> <!-- successfulCustomerLoginTest -->
      </class> <!-- testcases.customerLoginTest -->
    </test> <!-- Customer Login Test -->
    <test started-at="2024-07-04T00:02:13 BST" name="Deposit Login Test" finished-at="2024-07-04T00:02:15 BST" duration-ms="2597">
      <class name="testcases.CustomerDepositTest">
        <test-method signature="addDepositTest(java.util.Hashtable)[pri:0, instance:testcases.CustomerDepositTest@5910de75]" started-at="2024-07-04T00:02:13 BST" name="addDepositTest" data-provider="dp" finished-at="2024-07-04T00:02:14 BST" duration-ms="1640" status="PASS">
          <params>
            <param index="0">
              <value>
                <![CDATA[{depositAmount=1089.0}]]>
              </value>
            </param>
          </params>
          <reporter-output>
            <line>
              <![CDATA[Screenshot Evidence]]>
            </line>
            <line>
              <![CDATA[<br>]]>
            </line>
            <line>
              <![CDATA[<a href=Thu_Jul_04_00_02_14_BST_2024.jpg  target="_blank" >Screenshot</a>]]>
            </line>
          </reporter-output>
        </test-method> <!-- addDepositTest -->
        <test-method signature="depositVisibleInTransTest(java.util.Hashtable)[pri:0, instance:testcases.CustomerDepositTest@5910de75]" started-at="2024-07-04T00:02:14 BST" name="depositVisibleInTransTest" data-provider="dp" finished-at="2024-07-04T00:02:15 BST" duration-ms="684" status="PASS">
          <params>
            <param index="0">
              <value>
                <![CDATA[{Type=Credit, depositAmount=1089.0}]]>
              </value>
            </param>
          </params>
          <reporter-output>
            <line>
              <![CDATA[Screenshot Evidence]]>
            </line>
            <line>
              <![CDATA[<br>]]>
            </line>
            <line>
              <![CDATA[<a href=Thu_Jul_04_00_02_15_BST_2024.jpg  target="_blank" >Screenshot</a>]]>
            </line>
          </reporter-output>
        </test-method> <!-- depositVisibleInTransTest -->
      </class> <!-- testcases.CustomerDepositTest -->
    </test> <!-- Deposit Login Test -->
    <test started-at="2024-07-04T00:02:15 BST" name="Withdrawl Test" finished-at="2024-07-04T00:02:30 BST" duration-ms="15158">
      <class name="testcases.CustomerWithdrawlTest">
        <test-method is-config="true" signature="setUp()[pri:0, instance:testcases.CustomerWithdrawlTest@bc57b40]" started-at="2024-07-04T00:01:55 BST" name="setUp" finished-at="2024-07-04T00:02:00 BST" duration-ms="5118" status="PASS">
          <reporter-output>
          </reporter-output>
        </test-method> <!-- setUp -->
        <test-method signature="withdrawlAmtEqualToBalTest()[pri:0, instance:testcases.CustomerWithdrawlTest@bc57b40]" started-at="2024-07-04T00:02:15 BST" name="withdrawlAmtEqualToBalTest" finished-at="2024-07-04T00:02:25 BST" duration-ms="10065" status="FAIL">
          <exception class="org.openqa.selenium.NoSuchElementException">
            <message>
              <![CDATA[no such element: Unable to locate element: {"method":"xpath","selector":"/html/body/div/div/div[2]/div/div[2]/strong[2]"}
  (Session info: chrome=126.0.6478.127)
For documentation on this error, please visit: https://www.selenium.dev/documentation/webdriver/troubleshooting/errors#no-such-element-exception
Build info: version: '4.18.1', revision: 'b1d3319b48'
System info: os.name: 'Windows 10', os.arch: 'amd64', os.version: '10.0', java.version: '17.0.11'
Driver info: org.openqa.selenium.chrome.ChromeDriver
Command: [eb0839f08fea499e582766ddb9d6b503, findElement {value=/html/body/div/div/div[2]/div/div[2]/strong[2], using=xpath}]
Capabilities {acceptInsecureCerts: false, browserName: chrome, browserVersion: 126.0.6478.127, chrome: {chromedriverVersion: 126.0.6478.126 (d36ace6122e..., userDataDir: C:\Users\ASUS\AppData\Local...}, fedcm:accounts: true, goog:chromeOptions: {debuggerAddress: localhost:54109}, networkConnectionEnabled: false, pageLoadStrategy: normal, platformName: windows, proxy: Proxy(), se:cdp: ws://localhost:54109/devtoo..., se:cdpVersion: 126.0.6478.127, setWindowRect: true, strictFileInteractability: false, timeouts: {implicit: 0, pageLoad: 300000, script: 30000}, unhandledPromptBehavior: dismiss and notify, webauthn:extension:credBlob: true, webauthn:extension:largeBlob: true, webauthn:extension:minPinLength: true, webauthn:extension:prf: true, webauthn:virtualAuthenticators: true}
Session ID: eb0839f08fea499e582766ddb9d6b503]]>
            </message>
            <full-stacktrace>
              <![CDATA[org.openqa.selenium.NoSuchElementException: no such element: Unable to locate element: {"method":"xpath","selector":"/html/body/div/div/div[2]/div/div[2]/strong[2]"}
  (Session info: chrome=126.0.6478.127)
For documentation on this error, please visit: https://www.selenium.dev/documentation/webdriver/troubleshooting/errors#no-such-element-exception
Build info: version: '4.18.1', revision: 'b1d3319b48'
System info: os.name: 'Windows 10', os.arch: 'amd64', os.version: '10.0', java.version: '17.0.11'
Driver info: org.openqa.selenium.chrome.ChromeDriver
Command: [eb0839f08fea499e582766ddb9d6b503, findElement {value=/html/body/div/div/div[2]/div/div[2]/strong[2], using=xpath}]
Capabilities {acceptInsecureCerts: false, browserName: chrome, browserVersion: 126.0.6478.127, chrome: {chromedriverVersion: 126.0.6478.126 (d36ace6122e..., userDataDir: C:\Users\ASUS\AppData\Local...}, fedcm:accounts: true, goog:chromeOptions: {debuggerAddress: localhost:54109}, networkConnectionEnabled: false, pageLoadStrategy: normal, platformName: windows, proxy: Proxy(), se:cdp: ws://localhost:54109/devtoo..., se:cdpVersion: 126.0.6478.127, setWindowRect: true, strictFileInteractability: false, timeouts: {implicit: 0, pageLoad: 300000, script: 30000}, unhandledPromptBehavior: dismiss and notify, webauthn:extension:credBlob: true, webauthn:extension:largeBlob: true, webauthn:extension:minPinLength: true, webauthn:extension:prf: true, webauthn:virtualAuthenticators: true}
Session ID: eb0839f08fea499e582766ddb9d6b503
at java.base/jdk.internal.reflect.NativeConstructorAccessorImpl.newInstance0(Native Method)
at java.base/jdk.internal.reflect.NativeConstructorAccessorImpl.newInstance(NativeConstructorAccessorImpl.java:77)
at java.base/jdk.internal.reflect.DelegatingConstructorAccessorImpl.newInstance(DelegatingConstructorAccessorImpl.java:45)
at java.base/java.lang.reflect.Constructor.newInstanceWithCaller(Constructor.java:499)
at java.base/java.lang.reflect.Constructor.newInstance(Constructor.java:480)
at org.openqa.selenium.remote.ErrorCodec.decode(ErrorCodec.java:167)
at org.openqa.selenium.remote.codec.w3c.W3CHttpResponseCodec.decode(W3CHttpResponseCodec.java:138)
at org.openqa.selenium.remote.codec.w3c.W3CHttpResponseCodec.decode(W3CHttpResponseCodec.java:50)
at org.openqa.selenium.remote.HttpCommandExecutor.execute(HttpCommandExecutor.java:190)
at org.openqa.selenium.remote.service.DriverCommandExecutor.invokeExecute(DriverCommandExecutor.java:216)
at org.openqa.selenium.remote.service.DriverCommandExecutor.execute(DriverCommandExecutor.java:174)
at org.openqa.selenium.remote.RemoteWebDriver.execute(RemoteWebDriver.java:519)
at org.openqa.selenium.remote.ElementLocation$ElementFinder$2.findElement(ElementLocation.java:165)
at org.openqa.selenium.remote.ElementLocation.findElement(ElementLocation.java:59)
at org.openqa.selenium.remote.RemoteWebDriver.findElement(RemoteWebDriver.java:356)
at org.openqa.selenium.remote.RemoteWebDriver.findElement(RemoteWebDriver.java:350)
at testcases.CustomerWithdrawlTest.withdrawlAmtEqualToBalTest(CustomerWithdrawlTest.java:39)
at java.base/jdk.internal.reflect.NativeMethodAccessorImpl.invoke0(Native Method)
at java.base/jdk.internal.reflect.NativeMethodAccessorImpl.invoke(NativeMethodAccessorImpl.java:77)
at java.base/jdk.internal.reflect.DelegatingMethodAccessorImpl.invoke(DelegatingMethodAccessorImpl.java:43)
at java.base/java.lang.reflect.Method.invoke(Method.java:568)
at org.testng.internal.invokers.MethodInvocationHelper.invokeMethod(MethodInvocationHelper.java:141)
at org.testng.internal.invokers.TestInvoker.invokeMethod(TestInvoker.java:686)
at org.testng.internal.invokers.TestInvoker.invokeTestMethod(TestInvoker.java:230)
at org.testng.internal.invokers.MethodRunner.runInSequence(MethodRunner.java:63)
at org.testng.internal.invokers.TestInvoker$MethodInvocationAgent.invoke(TestInvoker.java:992)
at org.testng.internal.invokers.TestInvoker.invokeTestMethods(TestInvoker.java:203)
at org.testng.internal.invokers.TestMethodWorker.invokeTestMethods(TestMethodWorker.java:154)
at org.testng.internal.invokers.TestMethodWorker.run(TestMethodWorker.java:134)
at java.base/java.util.ArrayList.forEach(ArrayList.java:1511)
at org.testng.TestRunner.privateRun(TestRunner.java:739)
at org.testng.TestRunner.run(TestRunner.java:614)
at org.testng.SuiteRunner.runTest(SuiteRunner.java:421)
at org.testng.SuiteRunner.runSequentially(SuiteRunner.java:413)
at org.testng.SuiteRunner.privateRun(SuiteRunner.java:373)
at org.testng.SuiteRunner.run(SuiteRunner.java:312)
at org.testng.SuiteRunnerWorker.runSuite(SuiteRunnerWorker.java:52)
at org.testng.SuiteRunnerWorker.run(SuiteRunnerWorker.java:95)
at org.testng.TestNG.runSuitesSequentially(TestNG.java:1274)
at org.testng.TestNG.runSuitesLocally(TestNG.java:1208)
at org.testng.TestNG.runSuites(TestNG.java:1112)
at org.testng.TestNG.run(TestNG.java:1079)
at org.apache.maven.surefire.testng.TestNGExecutor.run(TestNGExecutor.java:308)
at org.apache.maven.surefire.testng.TestNGXmlTestSuite.execute(TestNGXmlTestSuite.java:71)
at org.apache.maven.surefire.testng.TestNGProvider.invoke(TestNGProvider.java:113)
at org.apache.maven.surefire.booter.ForkedBooter.runSuitesInProcess(ForkedBooter.java:385)
at org.apache.maven.surefire.booter.ForkedBooter.execute(ForkedBooter.java:162)
at org.apache.maven.surefire.booter.ForkedBooter.run(ForkedBooter.java:507)
at org.apache.maven.surefire.booter.ForkedBooter.main(ForkedBooter.java:495)
]]>
            </full-stacktrace>
          </exception> <!-- org.openqa.selenium.NoSuchElementException -->
          <reporter-output>
          </reporter-output>
        </test-method> <!-- withdrawlAmtEqualToBalTest -->
        <test-method signature="withdrawlAmtLessThanBalTest(java.util.Hashtable)[pri:0, instance:testcases.CustomerWithdrawlTest@bc57b40]" started-at="2024-07-04T00:02:25 BST" name="withdrawlAmtLessThanBalTest" data-provider="dp" finished-at="2024-07-04T00:02:27 BST" duration-ms="1680" status="PASS">
          <params>
            <param index="0">
              <value>
                <![CDATA[{withdrawlAmount=567.0}]]>
              </value>
            </param>
          </params>
          <reporter-output>
            <line>
              <![CDATA[Screenshot Evidence]]>
            </line>
            <line>
              <![CDATA[<br>]]>
            </line>
            <line>
              <![CDATA[<a href=Thu_Jul_04_00_02_27_BST_2024.jpg  target="_blank" >Screenshot</a>]]>
            </line>
          </reporter-output>
        </test-method> <!-- withdrawlAmtLessThanBalTest -->
        <test-method signature="withdrawlAmtMoreThanBalTest(java.util.Hashtable)[pri:0, instance:testcases.CustomerWithdrawlTest@bc57b40]" started-at="2024-07-04T00:02:27 BST" name="withdrawlAmtMoreThanBalTest" data-provider="dp" finished-at="2024-07-04T00:02:30 BST" duration-ms="3072" status="PASS">
          <params>
            <param index="0">
              <value>
                <![CDATA[{withdrawlAmount=1067.0, errorMsg=Transaction Failed. You can not withdraw amount more than the balance.}]]>
              </value>
            </param>
          </params>
          <reporter-output>
            <line>
              <![CDATA[Screenshot Evidence]]>
            </line>
            <line>
              <![CDATA[<br>]]>
            </line>
            <line>
              <![CDATA[<a href=Thu_Jul_04_00_02_30_BST_2024.jpg  target="_blank" >Screenshot</a>]]>
            </line>
          </reporter-output>
        </test-method> <!-- withdrawlAmtMoreThanBalTest -->
        <test-method is-config="true" signature="tearDown()[pri:0, instance:testcases.CustomerWithdrawlTest@bc57b40]" started-at="2024-07-04T00:02:30 BST" name="tearDown" finished-at="2024-07-04T00:02:31 BST" duration-ms="300" status="PASS">
          <reporter-output>
          </reporter-output>
        </test-method> <!-- tearDown -->
      </class> <!-- testcases.CustomerWithdrawlTest -->
    </test> <!-- Withdrawl Test -->
  </suite> <!-- XYZ Bank Portal Test Suite -->
</testng-results>
